Unity Editor version:    2022.3.20f1 (61c2feb0970d)
Branch:                  2022.3/release
Build type:              Release
Batch mode:              YES
System name:             Linux
Distro version:          #26-Ubuntu SMP PREEMPT_DYNAMIC Tue Mar  5 21:19:28 UTC 2024
Kernel version:          6.5.0-26-generic
Architecture:            x86_64
Available memory:        15950 MB
Using pre-set license
Pro License: YES
Desktop is 3000 x 1920 @ 60 Hz
Initialize udev device monitor.

COMMAND LINE ARGUMENTS:
Unity
-adb2
-batchMode
-noUpm
-name
AssetImportWorker0
-projectPath
/home/pc/Applications/Unity/Projects/Unity Learn/Pathways/Junior Programmer/Programming-Theory-Repo/Programming Theory Project
-logFile
Logs/AssetImportWorker0.log
-srvPort
37715
Successfully changed project path to: /home/pc/Applications/Unity/Projects/Unity Learn/Pathways/Junior Programmer/Programming-Theory-Repo/Programming Theory Project
/home/pc/Applications/Unity/Projects/Unity Learn/Pathways/Junior Programmer/Programming-Theory-Repo/Programming Theory Project
[UnityMemory] Configuration Parameters - Can be set up in boot.config
    "memorysetup-bucket-allocator-granularity=16"
    "memorysetup-bucket-allocator-bucket-count=8"
    "memorysetup-bucket-allocator-block-size=33554432"
    "memorysetup-bucket-allocator-block-count=8"
    "memorysetup-main-allocator-block-size=16777216"
    "memorysetup-thread-allocator-block-size=16777216"
    "memorysetup-gfx-main-allocator-block-size=16777216"
    "memorysetup-gfx-thread-allocator-block-size=16777216"
    "memorysetup-cache-allocator-block-size=4194304"
    "memorysetup-typetree-allocator-block-size=2097152"
    "memorysetup-profiler-bucket-allocator-granularity=16"
    "memorysetup-profiler-bucket-allocator-bucket-count=8"
    "memorysetup-profiler-bucket-allocator-block-size=33554432"
    "memorysetup-profiler-bucket-allocator-block-count=8"
    "memorysetup-profiler-allocator-block-size=16777216"
    "memorysetup-profiler-editor-allocator-block-size=1048576"
    "memorysetup-temp-allocator-size-main=16777216"
    "memorysetup-job-temp-allocator-block-size=2097152"
    "memorysetup-job-temp-allocator-block-size-background=1048576"
    "memorysetup-job-temp-allocator-reduction-small-platforms=262144"
    "memorysetup-allocator-temp-initial-block-size-main=262144"
    "memorysetup-allocator-temp-initial-block-size-worker=262144"
    "memorysetup-temp-allocator-size-background-worker=32768"
    "memorysetup-temp-allocator-size-job-worker=262144"
    "memorysetup-temp-allocator-size-preload-manager=33554432"
    "memorysetup-temp-allocator-size-nav-mesh-worker=65536"
    "memorysetup-temp-allocator-size-audio-worker=65536"
    "memorysetup-temp-allocator-size-cloud-worker=32768"
    "memorysetup-temp-allocator-size-gi-baking-worker=262144"
    "memorysetup-temp-allocator-size-gfx=262144"
Player connection [123766080095168] Host "[IP] 192.168.1.48 [Port] 0 [Flags] 2 [Guid] 2102492760 [EditorId] 2102492760 [Version] 1048832 [Id] LinuxEditor(16,10.140.169.18) [Debug] 1 [PackageName] LinuxEditor [ProjectName] Editor" joined multi-casting on [225.0.0.222:54997]...

Player connection [123766080095168] Host "[IP] 192.168.1.48 [Port] 0 [Flags] 2 [Guid] 2102492760 [EditorId] 2102492760 [Version] 1048832 [Id] LinuxEditor(16,10.140.169.18) [Debug] 1 [PackageName] LinuxEditor [ProjectName] Editor" joined alternative multi-casting on [225.0.0.222:34997]...

[Physics::Module] Initialized MultithreadedJobDispatcher with 7 workers.
Refreshing native plugins compatible for Editor in 4,80 ms, found 0 plugins.
Preloading 0 native plugins for Editor in 0,00 ms.
Initialize engine version: 2022.3.20f1 (61c2feb0970d)
[Subsystems] Discovering subsystems at path /home/pc/Applications/Unity/Installs/2022.3.20f1/Editor/Data/Resources/UnitySubsystems
[Subsystems] Discovering subsystems at path /home/pc/Applications/Unity/Projects/Unity Learn/Pathways/Junior Programmer/Programming-Theory-Repo/Programming Theory Project/Assets
GLX Extensions: GLX_ARB_context_flush_control GLX_ARB_create_context GLX_ARB_create_context_no_error GLX_ARB_create_context_profile GLX_ARB_create_context_robustness GLX_ARB_fbconfig_float GLX_ARB_framebuffer_sRGB GLX_ARB_get_proc_address GLX_ARB_multisample GLX_EXT_buffer_age GLX_EXT_create_context_es2_profile GLX_EXT_create_context_es_profile GLX_EXT_fbconfig_packed_float GLX_EXT_framebuffer_sRGB GLX_EXT_no_config_context GLX_EXT_swap_control GLX_EXT_swap_control_tear GLX_EXT_texture_from_pixmap GLX_EXT_visual_info GLX_EXT_visual_rating GLX_INTEL_swap_event GLX_MESA_copy_sub_buffer GLX_MESA_query_renderer GLX_MESA_swap_control GLX_OML_swap_method GLX_OML_sync_control GLX_SGIS_multisample GLX_SGIX_fbconfig GLX_SGIX_pbuffer GLX_SGIX_visual_select_group GLX_SGI_make_current_read GLX_SGI_swap_control GLX_SGI_video_sync 
Renderer: TAHITI (, LLVM 15.0.7, DRM 2.50, 6.5.0-26-generic)
Vendor:   AMD
Version:  4.5 (Core Profile) Mesa 23.2.1-1ubuntu3.1
GLES:     0
 GL_AMD_conservative_depth GL_AMD_depth_clamp_separate GL_AMD_draw_buffers_blend GL_AMD_gpu_shader_int64 GL_AMD_multi_draw_indirect GL_AMD_performance_monitor GL_AMD_pinned_memory GL_AMD_query_buffer_object GL_AMD_seamless_cubemap_per_texture GL_AMD_shader_stencil_export GL_AMD_shader_trinary_minmax GL_AMD_texture_texture4 GL_AMD_vertex_shader_layer GL_AMD_vertex_shader_viewport_index GL_ANGLE_texture_compression_dxt3 GL_ANGLE_texture_compression_dxt5 GL_ARB_ES2_compatibility GL_ARB_ES3_1_compatibility GL_ARB_ES3_2_compatibility GL_ARB_ES3_compatibility GL_ARB_arrays_of_arrays GL_ARB_base_instance GL_ARB_bindless_texture GL_ARB_blend_func_extended GL_ARB_buffer_storage GL_ARB_clear_buffer_object GL_ARB_clear_texture GL_ARB_clip_control GL_ARB_color_buffer_float GL_ARB_compressed_texture_pixel_storage GL_ARB_compute_shader GL_ARB_compute_variable_group_size GL_ARB_conditional_render_inverted GL_ARB_conservative_depth GL_ARB_copy_buffer GL_ARB_copy_image GL_ARB_cull_distance GL_ARB_debug_output GL_ARB_depth_bu
ffer_float GL_ARB_depth_clamp GL_ARB_derivative_control GL_ARB_direct_state_access GL_ARB_draw_buffers GL_ARB_draw_buffers_blend GL_ARB_draw_elements_base_vertex GL_ARB_draw_indirect GL_ARB_draw_instanced GL_ARB_enhanced_layouts GL_ARB_explicit_attrib_location GL_ARB_explicit_uniform_location GL_ARB_fragment_coord_conventions GL_ARB_fragment_layer_viewport GL_ARB_fragment_shader GL_ARB_framebuffer_no_attachments GL_ARB_framebuffer_object GL_ARB_framebuffer_sRGB GL_ARB_get_program_binary GL_ARB_get_texture_sub_image GL_ARB_gl_spirv GL_ARB_gpu_shader5 GL_ARB_gpu_shader_fp64 GL_ARB_gpu_shader_int64 GL_ARB_half_float_pixel GL_ARB_half_float_vertex GL_ARB_instanced_arrays GL_ARB_internalformat_query GL_ARB_internalformat_query2 GL_ARB_invalidate_subdata GL_ARB_map_buffer_alignment GL_ARB_map_buffer_range GL_ARB_multi_bind GL_ARB_multi_draw_indirect GL_ARB_occlusion_query2 GL_ARB_parallel_shader_compile GL_ARB_pipeline_statistics_query GL_ARB_pixel_buffer_object GL_ARB_point_sprite GL_ARB_polygon_offset_clamp GL_A
RB_program_interface_query GL_ARB_provoking_vertex GL_ARB_query_buffer_object GL_ARB_robust_buffer_access_behavior GL_ARB_robustness GL_ARB_sample_shading GL_ARB_sampler_objects GL_ARB_seamless_cube_map GL_ARB_seamless_cubemap_per_texture GL_ARB_separate_shader_objects GL_ARB_shader_atomic_counter_ops GL_ARB_shader_atomic_counters GL_ARB_shader_ballot GL_ARB_shader_bit_encoding GL_ARB_shader_clock GL_ARB_shader_group_vote GL_ARB_shader_image_load_store GL_ARB_shader_image_size GL_ARB_shader_objects GL_ARB_shader_precision GL_ARB_shader_stencil_export GL_ARB_shader_storage_buffer_object GL_ARB_shader_subroutine GL_ARB_shader_texture_image_samples GL_ARB_shader_texture_lod GL_ARB_shader_viewport_layer_array GL_ARB_shading_language_420pack GL_ARB_shading_language_include GL_ARB_shading_language_packing GL_ARB_spirv_extensions GL_ARB_stencil_texturing GL_ARB_sync GL_ARB_tessellation_shader GL_ARB_texture_barrier GL_ARB_texture_buffer_object GL_ARB_texture_buffer_object_rgb32 GL_ARB_texture_buffer_range GL_ARB_te
xture_compression_bptc GL_ARB_texture_compression_rgtc GL_ARB_texture_cube_map_array GL_ARB_texture_filter_anisotropic GL_ARB_texture_float GL_ARB_texture_gather GL_ARB_texture_mirror_clamp_to_edge GL_ARB_texture_multisample GL_ARB_texture_non_power_of_two GL_ARB_texture_query_levels GL_ARB_texture_query_lod GL_ARB_texture_rectangle GL_ARB_texture_rg GL_ARB_texture_rgb10_a2ui GL_ARB_texture_stencil8 GL_ARB_texture_storage GL_ARB_texture_storage_multisample GL_ARB_texture_swizzle GL_ARB_texture_view GL_ARB_timer_query GL_ARB_transform_feedback2 GL_ARB_transform_feedback3 GL_ARB_transform_feedback_instanced GL_ARB_transform_feedback_overflow_query GL_ARB_uniform_buffer_object GL_ARB_vertex_array_bgra GL_ARB_vertex_array_object GL_ARB_vertex_attrib_64bit GL_ARB_vertex_attrib_binding GL_ARB_vertex_buffer_object GL_ARB_vertex_shader GL_ARB_vertex_type_10f_11f_11f_rev GL_ARB_vertex_type_2_10_10_10_rev GL_ARB_viewport_array GL_ATI_blend_equation_separate GL_ATI_meminfo GL_ATI_texture_float GL_ATI_texture_mirror_onc
e GL_EXT_EGL_image_storage GL_EXT_EGL_sync GL_EXT_abgr GL_EXT_blend_equation_separate GL_EXT_debug_label GL_EXT_demote_to_helper_invocation GL_EXT_depth_bounds_test GL_EXT_draw_buffers2 GL_EXT_draw_instanced GL_EXT_framebuffer_blit GL_EXT_framebuffer_multisample GL_EXT_framebuffer_multisample_blit_scaled GL_EXT_framebuffer_object GL_EXT_framebuffer_sRGB GL_EXT_memory_object GL_EXT_memory_object_fd GL_EXT_packed_depth_stencil GL_EXT_packed_float GL_EXT_pixel_buffer_object GL_EXT_polygon_offset_clamp GL_EXT_provoking_vertex GL_EXT_shader_image_load_formatted GL_EXT_shader_image_load_store GL_EXT_shader_integer_mix GL_EXT_shader_samples_identical GL_EXT_texture_array GL_EXT_texture_compression_dxt1 GL_EXT_texture_compression_rgtc GL_EXT_texture_compression_s3tc GL_EXT_texture_filter_anisotropic GL_EXT_texture_integer GL_EXT_texture_mirror_clamp GL_EXT_texture_sRGB GL_EXT_texture_sRGB_R8 GL_EXT_texture_sRGB_decode GL_EXT_texture_shadow_lod GL_EXT_texture_shared_exponent GL_EXT_texture_snorm GL_EXT_texture_swizzl
e GL_EXT_timer_query GL_EXT_transform_feedback GL_EXT_vertex_array_bgra GL_EXT_vertex_attrib_64bit GL_EXT_window_rectangles GL_IBM_multimode_draw_arrays GL_INTEL_blackhole_render GL_KHR_blend_equation_advanced GL_KHR_context_flush_control GL_KHR_debug GL_KHR_no_error GL_KHR_parallel_shader_compile GL_KHR_robust_buffer_access_behavior GL_KHR_robustness GL_KHR_texture_compression_astc_ldr GL_KHR_texture_compression_astc_sliced_3d GL_MESA_framebuffer_flip_y GL_MESA_pack_invert GL_MESA_shader_integer_functions GL_MESA_texture_signed_rgba GL_NVX_gpu_memory_info GL_NV_alpha_to_coverage_dither_control GL_NV_compute_shader_derivatives GL_NV_conditional_render GL_NV_copy_image GL_NV_depth_clamp GL_NV_packed_depth_stencil GL_NV_shader_atomic_int64 GL_NV_texture_barrier GL_NV_vdpau_interop GL_OES_EGL_image GL_S3_s3tc
OPENGL LOG: Creating OpenGL 4.5 graphics device ; Context level  <OpenGL 4.5> ; Context handle 1795070480
Shader Hidden/ProbeVolume/VoxelizeScene is not supported: GPU does not support conservative rasterization
Initialize mono
Mono path[0] = '/home/pc/Applications/Unity/Installs/2022.3.20f1/Editor/Data/Managed'
Mono path[1] = '/home/pc/Applications/Unity/Installs/2022.3.20f1/Editor/Data/MonoBleedingEdge/lib/mono/unityjit-linux'
Mono config path = '/home/pc/Applications/Unity/Installs/2022.3.20f1/Editor/Data/MonoBleedingEdge/etc'
Using monoOptions --debugger-agent=transport=dt_socket,embedding=1,server=y,suspend=n,address=127.0.0.1:56130
Begin MonoManager ReloadAssembly
Registering precompiled unity dll's ...
Register platform support module: /home/pc/Applications/Unity/Installs/2022.3.20f1/Editor/Data/PlaybackEngines/WebGLSupport/UnityEditor.WebGL.Extensions.dll
Register platform support module: /home/pc/Applications/Unity/Installs/2022.3.20f1/Editor/Data/PlaybackEngines/AndroidPlayer/UnityEditor.Android.Extensions.dll
Register platform support module: /home/pc/Applications/Unity/Installs/2022.3.20f1/Editor/Data/PlaybackEngines/LinuxStandaloneSupport/UnityEditor.LinuxStandalone.Extensions.dll
Registered in 0,019431 seconds.
- Loaded All Assemblies, in  0,576 seconds
Native extension for LinuxStandalone target not found
Native extension for Android target not found
Android Extension - Scanning For ADB Devices 572 ms
Native extension for WebGL target not found
Mono: successfully reloaded assembly
- Finished resetting the current domain, in  1,208 seconds
Domain Reload Profiling: 1785ms
	BeginReloadAssembly (106ms)
		ExecutionOrderSort (0ms)
		DisableScriptedObjects (0ms)
		BackupInstance (0ms)
		ReleaseScriptingObjects (0ms)
		CreateAndSetChildDomain (1ms)
	RebuildCommonClasses (57ms)
	RebuildNativeTypeToScriptingClass (20ms)
	initialDomainReloadingComplete (129ms)
	LoadAllAssembliesAndSetupDomain (264ms)
		LoadAssemblies (106ms)
		RebuildTransferFunctionScriptingTraits (0ms)
		AnalyzeDomain (261ms)
			TypeCache.Refresh (260ms)
				TypeCache.ScanAssembly (239ms)
			ScanForSourceGeneratedMonoScriptInfo (0ms)
			ResolveRequiredComponents (1ms)
	FinalizeReload (1209ms)
		ReleaseScriptCaches (0ms)
		RebuildScriptCaches (0ms)
		SetupLoadedEditorAssemblies (1110ms)
			LogAssemblyErrors (0ms)
			InitializePlatformSupportModulesInManaged (804ms)
			SetLoadedEditorAssemblies (8ms)
			RefreshPlugins (0ms)
			BeforeProcessingInitializeOnLoad (4ms)
			ProcessInitializeOnLoadAttributes (210ms)
			ProcessInitializeOnLoadMethodAttributes (83ms)
			AfterProcessingInitializeOnLoad (0ms)
			EditorAssembliesLoaded (0ms)
		ExecutionOrderSort2 (0ms)
		AwakeInstancesAfterBackupRestoration (0ms)
========================================================================
Worker process is ready to serve import requests
Begin MonoManager ReloadAssembly
- Loaded All Assemblies, in  1,005 seconds
Refreshing native plugins compatible for Editor in 2,21 ms, found 0 plugins.
Native extension for LinuxStandalone target not found
Native extension for Android target not found
Native extension for WebGL target not found
Package Manager log level set to [2]
[Package Manager] Server::EnsureServerProcessIsRunning -- launch failed, reason: Unity was launched with the -noUpm command-line argument
[Package Manager] UpmClient::Send -- Unable to send message (not connected to UPM process).
[Package Manager] Cannot connect to Unity Package Manager local server
Mono: successfully reloaded assembly
- Finished resetting the current domain, in  1,362 seconds
Domain Reload Profiling: 2366ms
	BeginReloadAssembly (185ms)
		ExecutionOrderSort (0ms)
		DisableScriptedObjects (9ms)
		BackupInstance (0ms)
		ReleaseScriptingObjects (0ms)
		CreateAndSetChildDomain (34ms)
	RebuildCommonClasses (53ms)
	RebuildNativeTypeToScriptingClass (14ms)
	initialDomainReloadingComplete (81ms)
	LoadAllAssembliesAndSetupDomain (671ms)
		LoadAssemblies (370ms)
		RebuildTransferFunctionScriptingTraits (0ms)
		AnalyzeDomain (389ms)
			TypeCache.Refresh (352ms)
				TypeCache.ScanAssembly (325ms)
			ScanForSourceGeneratedMonoScriptInfo (30ms)
			ResolveRequiredComponents (6ms)
	FinalizeReload (1363ms)
		ReleaseScriptCaches (0ms)
		RebuildScriptCaches (0ms)
		SetupLoadedEditorAssemblies (952ms)
			LogAssemblyErrors (0ms)
			InitializePlatformSupportModulesInManaged (125ms)
			SetLoadedEditorAssemblies (13ms)
			RefreshPlugins (0ms)
			BeforeProcessingInitializeOnLoad (133ms)
			ProcessInitializeOnLoadAttributes (554ms)
			ProcessInitializeOnLoadMethodAttributes (119ms)
			AfterProcessingInitializeOnLoad (7ms)
			EditorAssembliesLoaded (0ms)
		ExecutionOrderSort2 (0ms)
		AwakeInstancesAfterBackupRestoration (11ms)
Shader Hidden/ProbeVolume/VoxelizeScene is not supported: GPU does not support conservative rasterization
Launched and connected shader compiler UnityShaderCompiler after 0.01 seconds
Refreshing native plugins compatible for Editor in 3,21 ms, found 0 plugins.
Preloading 0 native plugins for Editor in 0,00 ms.
Unloading 4201 Unused Serialized files (Serialized files now loaded: 0)
Unloading 43 unused Assets / (374,9 KB). Loaded Objects now: 4667.
Memory consumption went from 152,8 MB to 152,4 MB.
Total: 5,550442 ms (FindLiveObjects: 0,364121 ms CreateObjectMapping: 0,174955 ms MarkObjects: 4,551355 ms  DeleteObjects: 0,457929 ms)

AssetImportParameters requested are different than current active one (requested -> active):
  custom:container-demuxer-ogg: 62fdf1f143b41e24485cea50d1cbac27 -> 
  custom:video-decoder-ogg-theora: a1e56fd34408186e4bbccfd4996cb3dc -> 
  custom:CustomObjectIndexerAttribute: efbeaf2078ee4010e9a0b7bd6667f9dd -> 
  custom:container-demuxer-webm: 4f35f7cbe854078d1ac9338744f61a02 -> 
  custom:container-muxer-webm: aa71ff27fc2769a1b78a27578f13a17b -> 
  custom:video-decoder-webm-vp8: 9c59270c3fd7afecdb556c50c9e8de78 -> 
  custom:SearchIndexIgnoredProperties: e643bd26f0fe6173181afceb89e7c659 -> 
  custom:AudioImporter_EditorPlatform: 2f0ff77a95e0ac474e3e8eeba4e2f7cb -> 
  custom:video-encoder-webm-vp8: eb34c28f22e8b96e1ab97ce403110664 -> 
  custom:audio-decoder-ogg-vorbis: bf7c407c2cedff20999df2af8eb42d56 -> 
  custom:audio-encoder-webm-vorbis: bf7c407c2cedff20999df2af8eb42d56 -> 
========================================================================
Received Import Request.
  Time since last request: 712898,102083 seconds.
  path: Assets/Store/Real Materials/Textures/RM granite red rough anti-tiling D.png
  artifactKey: Guid(baa1b48d644e11e448a04fcdca1c088e) Importer(815301076,1909f56bfc062723c751e8b465ee728b)
Start importing Assets/Store/Real Materials/Textures/RM granite red rough anti-tiling D.png using Guid(baa1b48d644e11e448a04fcdca1c088e) Importer(815301076,1909f56bfc062723c751e8b465ee728b)  -> (artifact id: '2437eadf4412ba5f38dfd3eea052c772') in 0,114929 seconds
Number of updated asset objects reloaded before import = 0
Number of asset objects unloaded after import = 2
========================================================================
Received Import Request.
  Time since last request: 2,915020 seconds.
  path: Assets/Store/Real Materials/Textures/RM granite red rough D alpha R.png
  artifactKey: Guid(a0a0f877aa113d840b243c094e0b63d4) Importer(815301076,1909f56bfc062723c751e8b465ee728b)
Start importing Assets/Store/Real Materials/Textures/RM granite red rough D alpha R.png using Guid(a0a0f877aa113d840b243c094e0b63d4) Importer(815301076,1909f56bfc062723c751e8b465ee728b)  -> (artifact id: '6c6aa4a706f5386ff59faff96d9d4d2e') in 0,047638 seconds
Number of updated asset objects reloaded before import = 0
Number of asset objects unloaded after import = 2
========================================================================
Received Import Request.
  Time since last request: 6,854176 seconds.
  path: Assets/Store/Real Materials/Textures/RM granite red rough D alpha R.png
  artifactKey: Guid(a0a0f877aa113d840b243c094e0b63d4) Importer(815301076,1909f56bfc062723c751e8b465ee728b)
Start importing Assets/Store/Real Materials/Textures/RM granite red rough D alpha R.png using Guid(a0a0f877aa113d840b243c094e0b63d4) Importer(815301076,1909f56bfc062723c751e8b465ee728b)  -> (artifact id: '92199e7305a6c74354a5471e8b59cca9') in 0,039514 seconds
Number of updated asset objects reloaded before import = 0
Number of asset objects unloaded after import = 2
========================================================================
Received Import Request.
  Time since last request: 5,733452 seconds.
  path: Assets/Store/Real Materials/Textures/RM granite red rough N.png
  artifactKey: Guid(f0128ec228c284b41b5fa4d010cddb76) Importer(815301076,1909f56bfc062723c751e8b465ee728b)
Start importing Assets/Store/Real Materials/Textures/RM granite red rough N.png using Guid(f0128ec228c284b41b5fa4d010cddb76) Importer(815301076,1909f56bfc062723c751e8b465ee728b)  -> (artifact id: '6b706e82bf054ded02091e63e170e530') in 0,052657 seconds
Number of updated asset objects reloaded before import = 0
Number of asset objects unloaded after import = 2
========================================================================
Received Prepare
Shader Hidden/ProbeVolume/VoxelizeScene is not supported: GPU does not support conservative rasterization
Refreshing native plugins compatible for Editor in 3,51 ms, found 0 plugins.
Preloading 0 native plugins for Editor in 0,00 ms.
Unloading 2 Unused Serialized files (Serialized files now loaded: 0)
Unloading 3 unused Assets / (6,3 KB). Loaded Objects now: 4672.
Memory consumption went from 79,4 MB to 79,4 MB.
Total: 8,294390 ms (FindLiveObjects: 0,580582 ms CreateObjectMapping: 0,203700 ms MarkObjects: 7,443127 ms  DeleteObjects: 0,065009 ms)

Shader Hidden/ProbeVolume/VoxelizeScene is not supported: GPU does not support conservative rasterization
Prepare: number of updated asset objects reloaded= 2
AssetImportParameters requested are different than current active one (requested -> active):
  custom:container-demuxer-ogg: 62fdf1f143b41e24485cea50d1cbac27 -> 
  custom:video-decoder-ogg-theora: a1e56fd34408186e4bbccfd4996cb3dc -> 
  custom:CustomObjectIndexerAttribute: efbeaf2078ee4010e9a0b7bd6667f9dd -> 
  custom:container-demuxer-webm: 4f35f7cbe854078d1ac9338744f61a02 -> 
  custom:container-muxer-webm: aa71ff27fc2769a1b78a27578f13a17b -> 
  custom:video-decoder-webm-vp8: 9c59270c3fd7afecdb556c50c9e8de78 -> 
  custom:SearchIndexIgnoredProperties: e643bd26f0fe6173181afceb89e7c659 -> 
  custom:AudioImporter_EditorPlatform: 2f0ff77a95e0ac474e3e8eeba4e2f7cb -> 
  custom:video-encoder-webm-vp8: eb34c28f22e8b96e1ab97ce403110664 -> 
  custom:audio-decoder-ogg-vorbis: bf7c407c2cedff20999df2af8eb42d56 -> 
  custom:audio-encoder-webm-vorbis: bf7c407c2cedff20999df2af8eb42d56 -> 
========================================================================
Received Prepare
Shader Hidden/ProbeVolume/VoxelizeScene is not supported: GPU does not support conservative rasterization
Refreshing native plugins compatible for Editor in 2,12 ms, found 0 plugins.
Preloading 0 native plugins for Editor in 0,00 ms.
Unloading 3 Unused Serialized files (Serialized files now loaded: 0)
Unloading 3 unused Assets / (8,5 KB). Loaded Objects now: 4672.
Memory consumption went from 79,9 MB to 79,9 MB.
Total: 5,929675 ms (FindLiveObjects: 1,166476 ms CreateObjectMapping: 0,257303 ms MarkObjects: 4,462360 ms  DeleteObjects: 0,039614 ms)

Prepare: number of updated asset objects reloaded= 0
AssetImportParameters requested are different than current active one (requested -> active):
  custom:container-demuxer-ogg: 62fdf1f143b41e24485cea50d1cbac27 -> 
  custom:video-decoder-ogg-theora: a1e56fd34408186e4bbccfd4996cb3dc -> 
  custom:CustomObjectIndexerAttribute: efbeaf2078ee4010e9a0b7bd6667f9dd -> 
  custom:container-demuxer-webm: 4f35f7cbe854078d1ac9338744f61a02 -> 
  custom:container-muxer-webm: aa71ff27fc2769a1b78a27578f13a17b -> 
  custom:video-decoder-webm-vp8: 9c59270c3fd7afecdb556c50c9e8de78 -> 
  custom:SearchIndexIgnoredProperties: e643bd26f0fe6173181afceb89e7c659 -> 
  custom:AudioImporter_EditorPlatform: 2f0ff77a95e0ac474e3e8eeba4e2f7cb -> 
  custom:video-encoder-webm-vp8: eb34c28f22e8b96e1ab97ce403110664 -> 
  custom:audio-decoder-ogg-vorbis: bf7c407c2cedff20999df2af8eb42d56 -> 
  custom:audio-encoder-webm-vorbis: bf7c407c2cedff20999df2af8eb42d56 -> 
========================================================================
Received Prepare
Begin MonoManager ReloadAssembly
- Loaded All Assemblies, in  0,839 seconds
Refreshing native plugins compatible for Editor in 3,32 ms, found 0 plugins.
Native extension for LinuxStandalone target not found
Native extension for Android target not found
Native extension for WebGL target not found
[Package Manager] Server::EnsureServerProcessIsRunning -- launch failed, reason: Unity was launched with the -noUpm command-line argument
[Package Manager] UpmClient::Send -- Unable to send message (not connected to UPM process).
[Package Manager] Cannot connect to Unity Package Manager local server
Mono: successfully reloaded assembly
- Finished resetting the current domain, in  1,620 seconds
Domain Reload Profiling: 2458ms
	BeginReloadAssembly (208ms)
		ExecutionOrderSort (0ms)
		DisableScriptedObjects (6ms)
		BackupInstance (0ms)
		ReleaseScriptingObjects (0ms)
		CreateAndSetChildDomain (70ms)
	RebuildCommonClasses (61ms)
	RebuildNativeTypeToScriptingClass (16ms)
	initialDomainReloadingComplete (44ms)
	LoadAllAssembliesAndSetupDomain (507ms)
		LoadAssemblies (383ms)
		RebuildTransferFunctionScriptingTraits (0ms)
		AnalyzeDomain (210ms)
			TypeCache.Refresh (159ms)
				TypeCache.ScanAssembly (142ms)
			ScanForSourceGeneratedMonoScriptInfo (40ms)
			ResolveRequiredComponents (9ms)
	FinalizeReload (1621ms)
		ReleaseScriptCaches (0ms)
		RebuildScriptCaches (0ms)
		SetupLoadedEditorAssemblies (917ms)
			LogAssemblyErrors (0ms)
			InitializePlatformSupportModulesInManaged (100ms)
			SetLoadedEditorAssemblies (7ms)
			RefreshPlugins (0ms)
			BeforeProcessingInitializeOnLoad (96ms)
			ProcessInitializeOnLoadAttributes (562ms)
			ProcessInitializeOnLoadMethodAttributes (140ms)
			AfterProcessingInitializeOnLoad (11ms)
			EditorAssembliesLoaded (0ms)
		ExecutionOrderSort2 (0ms)
		AwakeInstancesAfterBackupRestoration (17ms)
Shader Hidden/ProbeVolume/VoxelizeScene is not supported: GPU does not support conservative rasterization
Refreshing native plugins compatible for Editor in 2,09 ms, found 0 plugins.
Preloading 0 native plugins for Editor in 0,00 ms.
Unloading 4169 Unused Serialized files (Serialized files now loaded: 0)
Unloading 31 unused Assets / (32,2 KB). Loaded Objects now: 4675.
Memory consumption went from 146,8 MB to 146,7 MB.
Total: 7,586649 ms (FindLiveObjects: 0,497075 ms CreateObjectMapping: 0,179254 ms MarkObjects: 6,729868 ms  DeleteObjects: 0,177633 ms)

Prepare: number of updated asset objects reloaded= 0
AssetImportParameters requested are different than current active one (requested -> active):
  custom:container-demuxer-ogg: 62fdf1f143b41e24485cea50d1cbac27 -> 
  custom:video-decoder-ogg-theora: a1e56fd34408186e4bbccfd4996cb3dc -> 
  custom:CustomObjectIndexerAttribute: efbeaf2078ee4010e9a0b7bd6667f9dd -> 
  custom:container-demuxer-webm: 4f35f7cbe854078d1ac9338744f61a02 -> 
  custom:container-muxer-webm: aa71ff27fc2769a1b78a27578f13a17b -> 
  custom:video-decoder-webm-vp8: 9c59270c3fd7afecdb556c50c9e8de78 -> 
  custom:SearchIndexIgnoredProperties: e643bd26f0fe6173181afceb89e7c659 -> 
  custom:AudioImporter_EditorPlatform: 2f0ff77a95e0ac474e3e8eeba4e2f7cb -> 
  custom:video-encoder-webm-vp8: eb34c28f22e8b96e1ab97ce403110664 -> 
  custom:audio-decoder-ogg-vorbis: bf7c407c2cedff20999df2af8eb42d56 -> 
  custom:audio-encoder-webm-vorbis: bf7c407c2cedff20999df2af8eb42d56 -> 
========================================================================
Received Import Request.
  Time since last request: 105,210071 seconds.
  path: Assets/Store/Real Materials/Textures/RM granite red rough anti-tiling D.png
  artifactKey: Guid(baa1b48d644e11e448a04fcdca1c088e) Importer(815301076,1909f56bfc062723c751e8b465ee728b)
Start importing Assets/Store/Real Materials/Textures/RM granite red rough anti-tiling D.png using Guid(baa1b48d644e11e448a04fcdca1c088e) Importer(815301076,1909f56bfc062723c751e8b465ee728b)  -> (artifact id: 'b944e3117264be1ff2b909a2b51e399d') in 0,096355 seconds
Number of updated asset objects reloaded before import = 0
Number of asset objects unloaded after import = 2
========================================================================
Received Import Request.
  Time since last request: 2,797746 seconds.
  path: Assets/Store/Real Materials/Textures/RM granite red rough D alpha R.png
  artifactKey: Guid(a0a0f877aa113d840b243c094e0b63d4) Importer(815301076,1909f56bfc062723c751e8b465ee728b)
Start importing Assets/Store/Real Materials/Textures/RM granite red rough D alpha R.png using Guid(a0a0f877aa113d840b243c094e0b63d4) Importer(815301076,1909f56bfc062723c751e8b465ee728b)  -> (artifact id: '6ce845dfa15a8521f0db9077e2583a72') in 0,023726 seconds
Number of updated asset objects reloaded before import = 0
Number of asset objects unloaded after import = 2
========================================================================
Received Import Request.
  Time since last request: 4,243237 seconds.
  path: Assets/Store/Real Materials/Textures/RM granite red rough D alpha R.png
  artifactKey: Guid(a0a0f877aa113d840b243c094e0b63d4) Importer(815301076,1909f56bfc062723c751e8b465ee728b)
Start importing Assets/Store/Real Materials/Textures/RM granite red rough D alpha R.png using Guid(a0a0f877aa113d840b243c094e0b63d4) Importer(815301076,1909f56bfc062723c751e8b465ee728b)  -> (artifact id: 'df94163c8ccfacb9a8fd008e28ba5534') in 0,061553 seconds
Number of updated asset objects reloaded before import = 0
Number of asset objects unloaded after import = 2
========================================================================
Received Import Request.
  Time since last request: 16,849591 seconds.
  path: Assets/Store/Real Materials/Textures/RM granite red rough N.png
  artifactKey: Guid(f0128ec228c284b41b5fa4d010cddb76) Importer(815301076,1909f56bfc062723c751e8b465ee728b)
Start importing Assets/Store/Real Materials/Textures/RM granite red rough N.png using Guid(f0128ec228c284b41b5fa4d010cddb76) Importer(815301076,1909f56bfc062723c751e8b465ee728b)  -> (artifact id: 'b3844c25edb029716ad81ce87777b91d') in 0,037414 seconds
Number of updated asset objects reloaded before import = 0
Number of asset objects unloaded after import = 2
========================================================================
Received Import Request.
  Time since last request: 4,479179 seconds.
  path: Assets/Store/Real Materials/Textures/RM granite red rough N.png
  artifactKey: Guid(f0128ec228c284b41b5fa4d010cddb76) Importer(815301076,1909f56bfc062723c751e8b465ee728b)
Start importing Assets/Store/Real Materials/Textures/RM granite red rough N.png using Guid(f0128ec228c284b41b5fa4d010cddb76) Importer(815301076,1909f56bfc062723c751e8b465ee728b)  -> (artifact id: '3629ea21a5150406dc2309d2d941953c') in 0,029209 seconds
Number of updated asset objects reloaded before import = 0
Number of asset objects unloaded after import = 2
========================================================================
Received Import Request.
  Time since last request: 5,781791 seconds.
  path: Assets/Store/Real Materials/Textures/RM plaster white D alpha R.png
  artifactKey: Guid(8b241c0495d31cc44975d8c62e56cc59) Importer(815301076,1909f56bfc062723c751e8b465ee728b)
Start importing Assets/Store/Real Materials/Textures/RM plaster white D alpha R.png using Guid(8b241c0495d31cc44975d8c62e56cc59) Importer(815301076,1909f56bfc062723c751e8b465ee728b)  -> (artifact id: '8b44d933f7d020bd23b9a447e76417d2') in 0,044402 seconds
Number of updated asset objects reloaded before import = 0
Number of asset objects unloaded after import = 2
========================================================================
Received Import Request.
  Time since last request: 7,309363 seconds.
  path: Assets/Store/Real Materials/Textures/RM plaster white D alpha R.png
  artifactKey: Guid(8b241c0495d31cc44975d8c62e56cc59) Importer(815301076,1909f56bfc062723c751e8b465ee728b)
Start importing Assets/Store/Real Materials/Textures/RM plaster white D alpha R.png using Guid(8b241c0495d31cc44975d8c62e56cc59) Importer(815301076,1909f56bfc062723c751e8b465ee728b)  -> (artifact id: '2e3aecaefaa762373d8bf385290fe487') in 0,018366 seconds
Number of updated asset objects reloaded before import = 0
Number of asset objects unloaded after import = 2
========================================================================
Received Import Request.
  Time since last request: 2,975341 seconds.
  path: Assets/Store/Real Materials/Textures/RM plaster white N.png
  artifactKey: Guid(dfc332ad50d52b843b4d4fd1d63faf48) Importer(815301076,1909f56bfc062723c751e8b465ee728b)
Start importing Assets/Store/Real Materials/Textures/RM plaster white N.png using Guid(dfc332ad50d52b843b4d4fd1d63faf48) Importer(815301076,1909f56bfc062723c751e8b465ee728b)  -> (artifact id: '93275217e8e7d95c5d8b014cff9f3947') in 0,034901 seconds
Number of updated asset objects reloaded before import = 0
Number of asset objects unloaded after import = 2
========================================================================
Received Import Request.
  Time since last request: 4,632477 seconds.
  path: Assets/Store/Real Materials/Textures/RM plaster white N.png
  artifactKey: Guid(dfc332ad50d52b843b4d4fd1d63faf48) Importer(815301076,1909f56bfc062723c751e8b465ee728b)
Start importing Assets/Store/Real Materials/Textures/RM plaster white N.png using Guid(dfc332ad50d52b843b4d4fd1d63faf48) Importer(815301076,1909f56bfc062723c751e8b465ee728b)  -> (artifact id: 'a680803a9219bbea8cfbe4125d2789ec') in 0,018674 seconds
Number of updated asset objects reloaded before import = 0
Number of asset objects unloaded after import = 2
========================================================================
Received Import Request.
  Time since last request: 1,628333 seconds.
  path: Assets/Store/Real Materials/Textures/RM zinc old D.png
  artifactKey: Guid(e7e8b2c3c6497584fb713db0a3aeb3b5) Importer(815301076,1909f56bfc062723c751e8b465ee728b)
Start importing Assets/Store/Real Materials/Textures/RM zinc old D.png using Guid(e7e8b2c3c6497584fb713db0a3aeb3b5) Importer(815301076,1909f56bfc062723c751e8b465ee728b)  -> (artifact id: 'aaa504a89ce6bbc0845e6ba4c5267527') in 0,033015 seconds
Number of updated asset objects reloaded before import = 0
Number of asset objects unloaded after import = 2
========================================================================
Received Import Request.
  Time since last request: 7,820162 seconds.
  path: Assets/Store/Real Materials/Textures/RM zinc old D.png
  artifactKey: Guid(e7e8b2c3c6497584fb713db0a3aeb3b5) Importer(815301076,1909f56bfc062723c751e8b465ee728b)
Start importing Assets/Store/Real Materials/Textures/RM zinc old D.png using Guid(e7e8b2c3c6497584fb713db0a3aeb3b5) Importer(815301076,1909f56bfc062723c751e8b465ee728b)  -> (artifact id: '2e4a48913a600b01786e886f8fd6ade6') in 0,024590 seconds
Number of updated asset objects reloaded before import = 0
Number of asset objects unloaded after import = 2
========================================================================
Received Import Request.
  Time since last request: 2,697077 seconds.
  path: Assets/Store/Real Materials/Textures/RM zinc old MT.png
  artifactKey: Guid(ce1df5aea7c33ad40ba54180c74da47b) Importer(815301076,1909f56bfc062723c751e8b465ee728b)
Start importing Assets/Store/Real Materials/Textures/RM zinc old MT.png using Guid(ce1df5aea7c33ad40ba54180c74da47b) Importer(815301076,1909f56bfc062723c751e8b465ee728b)  -> (artifact id: 'aa846f837d55c197b63785802c6b7eb9') in 0,035343 seconds
Number of updated asset objects reloaded before import = 0
Number of asset objects unloaded after import = 2
========================================================================
Received Import Request.
  Time since last request: 3,988926 seconds.
  path: Assets/Store/Real Materials/Textures/RM zinc old MT.png
  artifactKey: Guid(ce1df5aea7c33ad40ba54180c74da47b) Importer(815301076,1909f56bfc062723c751e8b465ee728b)
Start importing Assets/Store/Real Materials/Textures/RM zinc old MT.png using Guid(ce1df5aea7c33ad40ba54180c74da47b) Importer(815301076,1909f56bfc062723c751e8b465ee728b)  -> (artifact id: '661d98c7cb79881e59b67bbd0115718a') in 0,019753 seconds
Number of updated asset objects reloaded before import = 0
Number of asset objects unloaded after import = 2
========================================================================
Received Import Request.
  Time since last request: 6,893863 seconds.
  path: Assets/Store/Real Materials/Textures/RM common spots greenish light D.png
  artifactKey: Guid(a66b41a3b8906c54898fba4a7fb12407) Importer(815301076,1909f56bfc062723c751e8b465ee728b)
Start importing Assets/Store/Real Materials/Textures/RM common spots greenish light D.png using Guid(a66b41a3b8906c54898fba4a7fb12407) Importer(815301076,1909f56bfc062723c751e8b465ee728b)  -> (artifact id: '61715d648d8d99d2f9488912e9e99738') in 0,018253 seconds
Number of updated asset objects reloaded before import = 0
Number of asset objects unloaded after import = 2
========================================================================
Received Import Request.
  Time since last request: 4,743478 seconds.
  path: Assets/Store/Real Materials/Textures/RM common spots greenish light D.png
  artifactKey: Guid(a66b41a3b8906c54898fba4a7fb12407) Importer(815301076,1909f56bfc062723c751e8b465ee728b)
Start importing Assets/Store/Real Materials/Textures/RM common spots greenish light D.png using Guid(a66b41a3b8906c54898fba4a7fb12407) Importer(815301076,1909f56bfc062723c751e8b465ee728b)  -> (artifact id: '5ba8051e793e6ee9615d7fa25348cf3f') in 0,018657 seconds
Number of updated asset objects reloaded before import = 0
Number of asset objects unloaded after import = 2
========================================================================
Received Import Request.
  Time since last request: 4,250914 seconds.
  path: Assets/Store/Real Materials/Textures/RM common clouds D mask A.png
  artifactKey: Guid(95e4ed9564fabde45af7615ba42ee4db) Importer(815301076,1909f56bfc062723c751e8b465ee728b)
Start importing Assets/Store/Real Materials/Textures/RM common clouds D mask A.png using Guid(95e4ed9564fabde45af7615ba42ee4db) Importer(815301076,1909f56bfc062723c751e8b465ee728b)  -> (artifact id: '2f82e80ae43ced6dd61b227b8e15cd35') in 0,023671 seconds
Number of updated asset objects reloaded before import = 0
Number of asset objects unloaded after import = 2
========================================================================
Received Import Request.
  Time since last request: 3,248399 seconds.
  path: Assets/Store/Real Materials/Textures/RM common clouds D mask A.png
  artifactKey: Guid(95e4ed9564fabde45af7615ba42ee4db) Importer(815301076,1909f56bfc062723c751e8b465ee728b)
Start importing Assets/Store/Real Materials/Textures/RM common clouds D mask A.png using Guid(95e4ed9564fabde45af7615ba42ee4db) Importer(815301076,1909f56bfc062723c751e8b465ee728b)  -> (artifact id: '23d69ae5c3292ba1130045c801e41d3e') in 0,019579 seconds
Number of updated asset objects reloaded before import = 0
Number of asset objects unloaded after import = 2
========================================================================
Received Import Request.
  Time since last request: 4,187409 seconds.
  path: Assets/Store/Real Materials/Textures/RM common clouds bright D.png
  artifactKey: Guid(c83a146f42da29a439d6bf2cc89bd5f1) Importer(815301076,1909f56bfc062723c751e8b465ee728b)
Start importing Assets/Store/Real Materials/Textures/RM common clouds bright D.png using Guid(c83a146f42da29a439d6bf2cc89bd5f1) Importer(815301076,1909f56bfc062723c751e8b465ee728b)  -> (artifact id: '32e534b461ee9d98630f28813044c111') in 0,018363 seconds
Number of updated asset objects reloaded before import = 0
Number of asset objects unloaded after import = 2
========================================================================
Received Import Request.
  Time since last request: 3,326612 seconds.
  path: Assets/Store/Real Materials/Textures/RM common clouds bright D.png
  artifactKey: Guid(c83a146f42da29a439d6bf2cc89bd5f1) Importer(815301076,1909f56bfc062723c751e8b465ee728b)
Start importing Assets/Store/Real Materials/Textures/RM common clouds bright D.png using Guid(c83a146f42da29a439d6bf2cc89bd5f1) Importer(815301076,1909f56bfc062723c751e8b465ee728b)  -> (artifact id: '48fc0cfb27153a4d767f5791278dd568') in 0,020601 seconds
Number of updated asset objects reloaded before import = 0
Number of asset objects unloaded after import = 2
========================================================================
Received Import Request.
  Time since last request: 2,780159 seconds.
  path: Assets/Store/Real Materials/Textures/RM common 50 percent clouds blurry M.png
  artifactKey: Guid(6f8c5dc496da68b4fa08400b9da80d42) Importer(815301076,1909f56bfc062723c751e8b465ee728b)
Start importing Assets/Store/Real Materials/Textures/RM common 50 percent clouds blurry M.png using Guid(6f8c5dc496da68b4fa08400b9da80d42) Importer(815301076,1909f56bfc062723c751e8b465ee728b)  -> (artifact id: '90ed885a6fe6cf7a903de1f79c5fb89c') in 0,021938 seconds
Number of updated asset objects reloaded before import = 0
Number of asset objects unloaded after import = 2
========================================================================
Received Import Request.
  Time since last request: 3,373013 seconds.
  path: Assets/Store/Real Materials/Textures/RM common 50 percent clouds blurry M.png
  artifactKey: Guid(6f8c5dc496da68b4fa08400b9da80d42) Importer(815301076,1909f56bfc062723c751e8b465ee728b)
Start importing Assets/Store/Real Materials/Textures/RM common 50 percent clouds blurry M.png using Guid(6f8c5dc496da68b4fa08400b9da80d42) Importer(815301076,1909f56bfc062723c751e8b465ee728b)  -> (artifact id: 'a07b5e9dd5fa894c1e30cb2aa157ed76') in 0,025067 seconds
Number of updated asset objects reloaded before import = 0
Number of asset objects unloaded after import = 2
========================================================================
Received Import Request.
  Time since last request: 1,946494 seconds.
  path: Assets/Store/Real Materials/Textures/RM common 15 percent M.png
  artifactKey: Guid(6bee06319f439854bb5e82468435c4c0) Importer(815301076,1909f56bfc062723c751e8b465ee728b)
Start importing Assets/Store/Real Materials/Textures/RM common 15 percent M.png using Guid(6bee06319f439854bb5e82468435c4c0) Importer(815301076,1909f56bfc062723c751e8b465ee728b)  -> (artifact id: 'f5d8eb32ca060d9f3f9cddabd39936a6') in 0,022494 seconds
Number of updated asset objects reloaded before import = 0
Number of asset objects unloaded after import = 2
========================================================================
Received Import Request.
  Time since last request: 12,341205 seconds.
  path: Assets/Store/Real Materials/Textures/RM common 15 percent M.png
  artifactKey: Guid(6bee06319f439854bb5e82468435c4c0) Importer(815301076,1909f56bfc062723c751e8b465ee728b)
Start importing Assets/Store/Real Materials/Textures/RM common 15 percent M.png using Guid(6bee06319f439854bb5e82468435c4c0) Importer(815301076,1909f56bfc062723c751e8b465ee728b)  -> (artifact id: '02f8491ed3650e040b158781738acdff') in 0,017520 seconds
Number of updated asset objects reloaded before import = 0
Number of asset objects unloaded after import = 2
========================================================================
Received Import Request.
  Time since last request: 3,255464 seconds.
  path: Assets/Store/Real Materials/Textures/RM common 5 percent M.png
  artifactKey: Guid(b303f2f11d599b841b635c425e4e2a3a) Importer(815301076,1909f56bfc062723c751e8b465ee728b)
Start importing Assets/Store/Real Materials/Textures/RM common 5 percent M.png using Guid(b303f2f11d599b841b635c425e4e2a3a) Importer(815301076,1909f56bfc062723c751e8b465ee728b)  -> (artifact id: '9b196ad5f016fd1e217027a97ec552ab') in 0,022267 seconds
Number of updated asset objects reloaded before import = 0
Number of asset objects unloaded after import = 2
========================================================================
Received Import Request.
  Time since last request: 3,821327 seconds.
  path: Assets/Store/Real Materials/Textures/RM common 5 percent M.png
  artifactKey: Guid(b303f2f11d599b841b635c425e4e2a3a) Importer(815301076,1909f56bfc062723c751e8b465ee728b)
Start importing Assets/Store/Real Materials/Textures/RM common 5 percent M.png using Guid(b303f2f11d599b841b635c425e4e2a3a) Importer(815301076,1909f56bfc062723c751e8b465ee728b)  -> (artifact id: 'd61a493fccbd779de527546dc7beb6db') in 0,017852 seconds
Number of updated asset objects reloaded before import = 0
Number of asset objects unloaded after import = 2
========================================================================
Received Import Request.
  Time since last request: 4,836590 seconds.
  path: Assets/Store/Real Materials/Textures/RM common 4 percent M.png
  artifactKey: Guid(1a8683ebd28ef2d42b4ec09c9b4b7f9e) Importer(815301076,1909f56bfc062723c751e8b465ee728b)
Start importing Assets/Store/Real Materials/Textures/RM common 4 percent M.png using Guid(1a8683ebd28ef2d42b4ec09c9b4b7f9e) Importer(815301076,1909f56bfc062723c751e8b465ee728b)  -> (artifact id: '553b843b2edcaa03d7d19d2d3ef5ede2') in 0,020805 seconds
Number of updated asset objects reloaded before import = 0
Number of asset objects unloaded after import = 2
========================================================================
Received Import Request.
  Time since last request: 5,141934 seconds.
  path: Assets/Store/Real Materials/Textures/RM common 4 percent M.png
  artifactKey: Guid(1a8683ebd28ef2d42b4ec09c9b4b7f9e) Importer(815301076,1909f56bfc062723c751e8b465ee728b)
Start importing Assets/Store/Real Materials/Textures/RM common 4 percent M.png using Guid(1a8683ebd28ef2d42b4ec09c9b4b7f9e) Importer(815301076,1909f56bfc062723c751e8b465ee728b)  -> (artifact id: 'ca79662c7c78befceb016836fd4d6a9d') in 0,018690 seconds
Number of updated asset objects reloaded before import = 0
Number of asset objects unloaded after import = 2
========================================================================
Received Import Request.
  Time since last request: 2,833145 seconds.
  path: Assets/Store/Real Materials/Textures/RM aluminum used N.png
  artifactKey: Guid(1f2f39d22721f0140abaf6e6469640a5) Importer(815301076,1909f56bfc062723c751e8b465ee728b)
Start importing Assets/Store/Real Materials/Textures/RM aluminum used N.png using Guid(1f2f39d22721f0140abaf6e6469640a5) Importer(815301076,1909f56bfc062723c751e8b465ee728b)  -> (artifact id: 'b576306c140f87af858cddaf84ff0473') in 0,071047 seconds
Number of updated asset objects reloaded before import = 0
Number of asset objects unloaded after import = 2
========================================================================
Received Import Request.
  Time since last request: 9,693857 seconds.
  path: Assets/Store/Real Materials/Textures/RM aluminum used N.png
  artifactKey: Guid(1f2f39d22721f0140abaf6e6469640a5) Importer(815301076,1909f56bfc062723c751e8b465ee728b)
Start importing Assets/Store/Real Materials/Textures/RM aluminum used N.png using Guid(1f2f39d22721f0140abaf6e6469640a5) Importer(815301076,1909f56bfc062723c751e8b465ee728b)  -> (artifact id: '93bdf97270e06ed84f60de48a04ff5cc') in 0,023445 seconds
Number of updated asset objects reloaded before import = 0
Number of asset objects unloaded after import = 2
========================================================================
Received Import Request.
  Time since last request: 2,911263 seconds.
  path: Assets/Store/Real Materials/Textures/RM aluminum used MT.png
  artifactKey: Guid(51b55af5d7cf13f46a8ba7c717f22293) Importer(815301076,1909f56bfc062723c751e8b465ee728b)
Start importing Assets/Store/Real Materials/Textures/RM aluminum used MT.png using Guid(51b55af5d7cf13f46a8ba7c717f22293) Importer(815301076,1909f56bfc062723c751e8b465ee728b)  -> (artifact id: 'e247f39b20279547188c3fd682e717b5') in 0,036850 seconds
Number of updated asset objects reloaded before import = 0
Number of asset objects unloaded after import = 2
========================================================================
Received Import Request.
  Time since last request: 4,791524 seconds.
  path: Assets/Store/Real Materials/Textures/RM aluminum used MT.png
  artifactKey: Guid(51b55af5d7cf13f46a8ba7c717f22293) Importer(815301076,1909f56bfc062723c751e8b465ee728b)
Start importing Assets/Store/Real Materials/Textures/RM aluminum used MT.png using Guid(51b55af5d7cf13f46a8ba7c717f22293) Importer(815301076,1909f56bfc062723c751e8b465ee728b)  -> (artifact id: 'dd687734d764e1d9a0920596dccea69a') in 0,078880 seconds
Number of updated asset objects reloaded before import = 0
Number of asset objects unloaded after import = 2
========================================================================
Received Import Request.
  Time since last request: 2,949339 seconds.
  path: Assets/Store/Real Materials/Textures/RM aluminum used D.png
  artifactKey: Guid(f73fa8ed735fbf04abf37675bdffaf19) Importer(815301076,1909f56bfc062723c751e8b465ee728b)
Start importing Assets/Store/Real Materials/Textures/RM aluminum used D.png using Guid(f73fa8ed735fbf04abf37675bdffaf19) Importer(815301076,1909f56bfc062723c751e8b465ee728b)  -> (artifact id: '9d7ff5ac9bf1f1325491c36b15db83a7') in 0,039903 seconds
Number of updated asset objects reloaded before import = 0
Number of asset objects unloaded after import = 2
========================================================================
Received Import Request.
  Time since last request: 18,068840 seconds.
  path: Assets/Store/Real Materials/Textures/RM aluminum used D.png
  artifactKey: Guid(f73fa8ed735fbf04abf37675bdffaf19) Importer(815301076,1909f56bfc062723c751e8b465ee728b)
Start importing Assets/Store/Real Materials/Textures/RM aluminum used D.png using Guid(f73fa8ed735fbf04abf37675bdffaf19) Importer(815301076,1909f56bfc062723c751e8b465ee728b)  -> (artifact id: '45384a2a8834c0531e2dcfd05e387764') in 0,025182 seconds
Number of updated asset objects reloaded before import = 0
Number of asset objects unloaded after import = 2
========================================================================
Received Import Request.
  Time since last request: 51,565526 seconds.
  path: Assets/Store/Real Materials/Textures/RM granite red rough D alpha R.png
  artifactKey: Guid(a0a0f877aa113d840b243c094e0b63d4) Importer(815301076,1909f56bfc062723c751e8b465ee728b)
Start importing Assets/Store/Real Materials/Textures/RM granite red rough D alpha R.png using Guid(a0a0f877aa113d840b243c094e0b63d4) Importer(815301076,1909f56bfc062723c751e8b465ee728b)  -> (artifact id: 'dbd9ffe5ecb5f88bd4e0875b3fef7b2d') in 0,026191 seconds
Number of updated asset objects reloaded before import = 0
Number of asset objects unloaded after import = 2
========================================================================
Received Import Request.
  Time since last request: 11,098619 seconds.
  path: Assets/Store/Real Materials/Textures/RM granite red rough D alpha R.png
  artifactKey: Guid(a0a0f877aa113d840b243c094e0b63d4) Importer(815301076,1909f56bfc062723c751e8b465ee728b)
Start importing Assets/Store/Real Materials/Textures/RM granite red rough D alpha R.png using Guid(a0a0f877aa113d840b243c094e0b63d4) Importer(815301076,1909f56bfc062723c751e8b465ee728b)  -> (artifact id: '517c7f44a1bb5e07ca6a0c5f4b6b92da') in 0,024407 seconds
Number of updated asset objects reloaded before import = 0
Number of asset objects unloaded after import = 2
========================================================================
Received Import Request.
  Time since last request: 23,543778 seconds.
  path: Assets/Store/Real Materials/Textures/RM granite red rough D alpha R.png
  artifactKey: Guid(a0a0f877aa113d840b243c094e0b63d4) Importer(815301076,1909f56bfc062723c751e8b465ee728b)
Start importing Assets/Store/Real Materials/Textures/RM granite red rough D alpha R.png using Guid(a0a0f877aa113d840b243c094e0b63d4) Importer(815301076,1909f56bfc062723c751e8b465ee728b)  -> (artifact id: '1e17c5712a9c0f00c416d00e67eb4c3f') in 0,052501 seconds
Number of updated asset objects reloaded before import = 0
Number of asset objects unloaded after import = 2
========================================================================
Received Import Request.
  Time since last request: 16,857199 seconds.
  path: Assets/Store/Real Materials/Textures/RM granite red rough D alpha R.png
  artifactKey: Guid(a0a0f877aa113d840b243c094e0b63d4) Importer(815301076,1909f56bfc062723c751e8b465ee728b)
Start importing Assets/Store/Real Materials/Textures/RM granite red rough D alpha R.png using Guid(a0a0f877aa113d840b243c094e0b63d4) Importer(815301076,1909f56bfc062723c751e8b465ee728b)  -> (artifact id: 'db20e916cb9ac3dd8e91bbc3ccadba43') in 0,028913 seconds
Number of updated asset objects reloaded before import = 0
Number of asset objects unloaded after import = 2
========================================================================
Received Import Request.
  Time since last request: 14,143630 seconds.
  path: Assets/Store/Real Materials/Textures/RM granite red rough D alpha R.png
  artifactKey: Guid(a0a0f877aa113d840b243c094e0b63d4) Importer(815301076,1909f56bfc062723c751e8b465ee728b)
Start importing Assets/Store/Real Materials/Textures/RM granite red rough D alpha R.png using Guid(a0a0f877aa113d840b243c094e0b63d4) Importer(815301076,1909f56bfc062723c751e8b465ee728b)  -> (artifact id: 'cc967bc688c8cd83079d78bae67f936b') in 0,023943 seconds
Number of updated asset objects reloaded before import = 0
Number of asset objects unloaded after import = 2
========================================================================
Received Import Request.
  Time since last request: 70,529274 seconds.
  path: Assets/Store/Real Materials/Textures/RM granite red rough D alpha R.png
  artifactKey: Guid(a0a0f877aa113d840b243c094e0b63d4) Importer(815301076,1909f56bfc062723c751e8b465ee728b)
Start importing Assets/Store/Real Materials/Textures/RM granite red rough D alpha R.png using Guid(a0a0f877aa113d840b243c094e0b63d4) Importer(815301076,1909f56bfc062723c751e8b465ee728b)  -> (artifact id: '5781eeb7f0bb7f3e55825d87a14e55f1') in 0,049682 seconds
Number of updated asset objects reloaded before import = 0
Number of asset objects unloaded after import = 2
========================================================================
Received Import Request.
  Time since last request: 52,759131 seconds.
  path: Assets/Store/Real Materials/Textures/RM granite red rough D alpha R.png
  artifactKey: Guid(a0a0f877aa113d840b243c094e0b63d4) Importer(815301076,1909f56bfc062723c751e8b465ee728b)
Start importing Assets/Store/Real Materials/Textures/RM granite red rough D alpha R.png using Guid(a0a0f877aa113d840b243c094e0b63d4) Importer(815301076,1909f56bfc062723c751e8b465ee728b)  -> (artifact id: '8f1b319943e984a3f98169bc3ddf213f') in 0,020919 seconds
Number of updated asset objects reloaded before import = 0
Number of asset objects unloaded after import = 2
========================================================================
Received Import Request.
  Time since last request: 21,228428 seconds.
  path: Assets/Store/Real Materials/Textures/RM granite red rough D alpha R.png
  artifactKey: Guid(a0a0f877aa113d840b243c094e0b63d4) Importer(815301076,1909f56bfc062723c751e8b465ee728b)
Start importing Assets/Store/Real Materials/Textures/RM granite red rough D alpha R.png using Guid(a0a0f877aa113d840b243c094e0b63d4) Importer(815301076,1909f56bfc062723c751e8b465ee728b)  -> (artifact id: 'bbfe2acfae2649c5c9c88eb21a85233e') in 0,037924 seconds
Number of updated asset objects reloaded before import = 0
Number of asset objects unloaded after import = 2
========================================================================
Received Import Request.
  Time since last request: 3,809830 seconds.
  path: Assets/Store/Real Materials/Textures/RM granite red rough D alpha R.png
  artifactKey: Guid(a0a0f877aa113d840b243c094e0b63d4) Importer(815301076,1909f56bfc062723c751e8b465ee728b)
Start importing Assets/Store/Real Materials/Textures/RM granite red rough D alpha R.png using Guid(a0a0f877aa113d840b243c094e0b63d4) Importer(815301076,1909f56bfc062723c751e8b465ee728b)  -> (artifact id: '2afadc3ac495ddd863bba552533676a1') in 0,037391 seconds
Number of updated asset objects reloaded before import = 0
Number of asset objects unloaded after import = 2
========================================================================
Received Import Request.
  Time since last request: 6,862470 seconds.
  path: Assets/Store/Real Materials/Textures/RM granite red rough D alpha R.png
  artifactKey: Guid(a0a0f877aa113d840b243c094e0b63d4) Importer(815301076,1909f56bfc062723c751e8b465ee728b)
Start importing Assets/Store/Real Materials/Textures/RM granite red rough D alpha R.png using Guid(a0a0f877aa113d840b243c094e0b63d4) Importer(815301076,1909f56bfc062723c751e8b465ee728b)  -> (artifact id: '35823df85cc31eda68d17d3d74ed4b41') in 0,061463 seconds
Number of updated asset objects reloaded before import = 0
Number of asset objects unloaded after import = 2
